<?xml version="1.0" encoding="UTF-8"?>
<!-- Generated by org.testng.reporters.JUnitXMLReporter -->
<testsuite ignored="1" hostname="Omars-MacBook-Pro.local" failures="0" tests="3" name="Surefire test" time="13.443" errors="0" timestamp="2022-07-14T10:54:04 AST">
  <testcase classname="com.qacart.todo.testcases.LoginTest" name="loginWithEmailAndPassword" time="4.708"/>
  <testcase classname="com.qacart.todo.testcases.ToDoTest" name="AddToDoTest" time="6.1"/>
  <testcase classname="com.qacart.todo.testcases.ToDoTest" name="deleteToDo" time="8.8"/>
  <testcase classname="com.qacart.todo.testcases.LoginTest" name="TestCookiesInjection" time="0.0">
    <ignored/>
  </testcase> <!-- TestCookiesInjection -->
</testsuite> <!-- Surefire test -->
