<?xml version="1.0" encoding="UTF-8"?>
<testng-results ignored="1" total="4" passed="3" failed="0" skipped="0">
  <reporter-output>
  </reporter-output>
  <suite started-at="2022-07-14T10:53:51 AST" name="Surefire suite" finished-at="2022-07-14T10:54:04 AST" duration-ms="13443">
    <groups>
    </groups>
    <test started-at="2022-07-14T10:53:51 AST" name="Surefire test" finished-at="2022-07-14T10:54:04 AST" duration-ms="13443">
      <class name="com.qacart.todo.testcases.LoginTest">
        <test-method is-config="true" signature="before()[pri:0, instance:com.qacart.todo.testcases.LoginTest@736ac09a]" started-at="2022-07-14T10:53:51 AST" name="before" finished-at="2022-07-14T10:53:55 AST" duration-ms="4091" status="PASS">
          <reporter-output>
          </reporter-output>
        </test-method> <!-- before -->
        <test-method signature="loginWithEmailAndPassword()[pri:0, instance:com.qacart.todo.testcases.LoginTest@736ac09a]" started-at="2022-07-14T10:53:55 AST" name="loginWithEmailAndPassword" description="Test Login method" finished-at="2022-07-14T10:54:00 AST" duration-ms="4708" status="PASS">
          <reporter-output>
          </reporter-output>
        </test-method> <!-- loginWithEmailAndPassword -->
        <test-method is-config="true" signature="after(org.testng.ITestResult)[pri:0, instance:com.qacart.todo.testcases.LoginTest@736ac09a]" started-at="2022-07-14T10:54:00 AST" name="after" finished-at="2022-07-14T10:54:00 AST" duration-ms="415" status="PASS">
          <params>
            <param index="0">
              <value>
                <![CDATA[[TestResult name=loginWithEmailAndPassword status=SUCCESS method=LoginTest.loginWithEmailAndPassword()[pri:0, instance:com.qacart.todo.testcases.LoginTest@736ac09a] output={null}]]]>
              </value>
            </param>
          </params>
          <reporter-output>
          </reporter-output>
        </test-method> <!-- after -->
      </class> <!-- com.qacart.todo.testcases.LoginTest -->
      <class name="com.qacart.todo.testcases.ToDoTest">
        <test-method is-config="true" signature="before()[pri:0, instance:com.qacart.todo.testcases.ToDoTest@6ecd665]" started-at="2022-07-14T10:53:51 AST" name="before" finished-at="2022-07-14T10:53:55 AST" duration-ms="4083" status="PASS">
          <reporter-output>
          </reporter-output>
        </test-method> <!-- before -->
        <test-method is-config="true" signature="before()[pri:0, instance:com.qacart.todo.testcases.ToDoTest@6ecd665]" started-at="2022-07-14T10:53:51 AST" name="before" finished-at="2022-07-14T10:53:55 AST" duration-ms="4107" status="PASS">
          <reporter-output>
          </reporter-output>
        </test-method> <!-- before -->
        <test-method signature="AddToDoTest()[pri:0, instance:com.qacart.todo.testcases.ToDoTest@6ecd665]" started-at="2022-07-14T10:53:55 AST" name="AddToDoTest" description="Add todo method" finished-at="2022-07-14T10:54:01 AST" duration-ms="6100" status="PASS">
          <reporter-output>
          </reporter-output>
        </test-method> <!-- AddToDoTest -->
        <test-method signature="deleteToDo()[pri:0, instance:com.qacart.todo.testcases.ToDoTest@6ecd665]" started-at="2022-07-14T10:53:55 AST" name="deleteToDo" description="delete todo method" finished-at="2022-07-14T10:54:04 AST" duration-ms="8800" status="PASS">
          <reporter-output>
          </reporter-output>
        </test-method> <!-- deleteToDo -->
        <test-method is-config="true" signature="after(org.testng.ITestResult)[pri:0, instance:com.qacart.todo.testcases.ToDoTest@6ecd665]" started-at="2022-07-14T10:54:01 AST" name="after" finished-at="2022-07-14T10:54:01 AST" duration-ms="222" status="PASS">
          <params>
            <param index="0">
              <value>
                <![CDATA[[TestResult name=AddToDoTest status=SUCCESS method=ToDoTest.AddToDoTest()[pri:0, instance:com.qacart.todo.testcases.ToDoTest@6ecd665] output={null}]]]>
              </value>
            </param>
          </params>
          <reporter-output>
          </reporter-output>
        </test-method> <!-- after -->
        <test-method is-config="true" signature="after(org.testng.ITestResult)[pri:0, instance:com.qacart.todo.testcases.ToDoTest@6ecd665]" started-at="2022-07-14T10:54:04 AST" name="after" finished-at="2022-07-14T10:54:04 AST" duration-ms="242" status="PASS">
          <params>
            <param index="0">
              <value>
                <![CDATA[[TestResult name=deleteToDo status=SUCCESS method=ToDoTest.deleteToDo()[pri:0, instance:com.qacart.todo.testcases.ToDoTest@6ecd665] output={null}]]]>
              </value>
            </param>
          </params>
          <reporter-output>
          </reporter-output>
        </test-method> <!-- after -->
      </class> <!-- com.qacart.todo.testcases.ToDoTest -->
    </test> <!-- Surefire test -->
  </suite> <!-- Surefire suite -->
</testng-results>
