<?xml version="1.0" encoding="UTF-8"?>
<testsuite xmlns:xsi="http://www.w3.org/2001/XMLSchema-instance" xsi:noNamespaceSchemaLocation="https://maven.apache.org/surefire/maven-surefire-plugin/xsd/surefire-test-report-3.0.xsd" version="3.0" name="TestSuite" time="10.959" tests="3" errors="0" skipped="0" failures="0">
  <properties>
[...]
</properties>
  <testcase name="loginWithEmailAndPassword" classname="com.qacart.todo.testcases.LoginTest" time="2.058">
    <system-out><![CDATA[Request method:	POST
Request URI:	https://qacart-todo.herokuapp.com/api/v1/users/register
Proxy:			<none>
Request params:	<none>
Query params:	<none>
Form params:	<none>
Path params:	<none>
Headers:		Accept=*/*
				Content-Type=application/json
Cookies:		<none>
Multiparts:		<none>
Body:
{
    "email": "patria.bednar@hotmail.com",
    "password": "123456",
    "firstName": "Tyrone",
    "lastName": "Lehner"
}
Request method:	POST
Request URI:	https://qacart-todo.herokuapp.com/api/v1/users/register
Proxy:			<none>
Request params:	<none>
Query params:	<none>
Form params:	<none>
Path params:	<none>
Headers:		Accept=*/*
				Content-Type=application/json
Cookies:		<none>
Multiparts:		<none>
Body:
{
    "email": "shaquita.wolff@hotmail.com",
    "password": "123456",
    "firstName": "Dale",
    "lastName": "Kuvalis"
}
]]></system-out>
    <system-err><![CDATA[SLF4J: Failed to load class "org.slf4j.impl.StaticLoggerBinder".
SLF4J: Defaulting to no-operation (NOP) logger implementation
SLF4J: See http://www.slf4j.org/codes.html#StaticLoggerBinder for further details.
SSSttatarrattiinngg  CChhrroommeeDDrriivveerr  110r033..t00i.5060.53n g( aC1h7ro.m5e0D6r10i.v5e3r 1 (1a801317.110e1.d85d1071640efdf.d17c54f3f2f 11(5ca0f1f27311651f0f8fa13316bef0dfdada7e44f0fb1173f-recffs2/1b5r0afn3c6hf-fhae3abd0sd/5a0e6b4000@b{d#a8e51470fb1-37r}f-erfesf/sb/)rbarnacnhc- headsh/50o60n@ {p#o8rt 6-0h1e9a85d
Os/n5l30y6 0l@o{c#a8l5 3c}}o)n noenc )tpi oorontns 4  9ap8ro0er4 t
a Ol4nl9lo2yw 6el9do
.cOa
nPllease syee ht tps:l//chlr ocmoendnreicvteiro.ncsh raormei uaml.lowooecadl. 
crPogle/nasnseeecc utsrieioetn ysh- tactopnss:i//drcehrraoemed railvleortw.ecdhi.r
ooPmnliesua msf.eoo rrs ge/sesu egchgutetsptsi:o/n/sc rhorno mkeeiderpiinvtger .CchhrroommeiDurmi.voerrg /ssaefceu.r
ityy--ccoonnssiiddeerraations ftoiro nssu gfgoers tsiuogngse sotni oknese poin keepinng ChgromeDr ivCehrr osmaefDer.i
ver safe.
CCChhhrrrooommmeeeDDDrrriiivvveeerrr   wwwaaasss   ssstttaaarrrttteedd e ds uscuccecsessfsuflullysl.y
.
uccessfully.
Jul 14, 2022 10:06:40 PM org.openqa.selenium.remote.ProtocolHandshake createSession
INFO: Detected upstream dialect: W3C
Jul 14, 2022 10:06:40 PM org.openqa.selenium.remote.ProtocolHandshake createSession
INFO: Detected upstream dialect: W3C
Jul 14, 2022 10:06:40 PM org.openqa.selenium.remote.ProtocolHandshake createSession
INFO: Detected upstream dialect: W3C
Jul 14, 2022 10:06:40 PM org.openqa.selenium.devtools.CdpVersionFinder findNearestMatch
INFO: Found exact CDP implementation for version 103
Jul 14, 2022 10:06:40 PM org.openqa.selenium.devtools.CdpVersionFinder findNearestMatch
INFO: Found exact CDP implementation for version 103
Jul 14, 2022 10:06:40 PM org.openqa.selenium.devtools.CdpVersionFinder findNearestMatch
INFO: Found exact CDP implementation for version 103
]]></system-err>
  </testcase>
  <testcase name="AddToDoTest" classname="com.qacart.todo.testcases.ToDoTest" time="5.815">
    <system-out><![CDATA[HTTP/1.1 201 Created
Server: Cowboy
Connection: keep-alive
X-Powered-By: Express
Access-Control-Allow-Origin: *
Content-Type: application/json; charset=utf-8
Content-Length: 168
Etag: W/"a8-znvlJYX9N1XJ7UZ4HQZPh5OGYWc"
Date: Thu, 14 Jul 2022 19:06:45 GMT
Via: 1.1 vegur

{
    "addedTask": {
        "isCompleted": false,
        "_id": "62d069453fd4aa0016c25fe9",
        "item": "task 11",
        "userID": "62d069433fd4aa0016c25fe5",
        "createdAt": "2022-07-14T19:06:45.128Z",
        "__v": 0
    }
}
]]></system-out>
  </testcase>
  <testcase name="deleteToDo" classname="com.qacart.todo.testcases.ToDoTest" time="6.403"/>
</testsuite>