<?xml version="1.0" encoding="UTF-8"?>
<testng-results ignored="1" total="4" passed="3" failed="0" skipped="0">
  <reporter-output>
  </reporter-output>
  <suite started-at="2022-07-14T22:06:37 AST" name="Surefire suite" finished-at="2022-07-14T22:06:47 AST" duration-ms="10477">
    <groups>
    </groups>
    <test started-at="2022-07-14T22:06:37 AST" name="Surefire test" finished-at="2022-07-14T22:06:47 AST" duration-ms="10477">
      <class name="com.qacart.todo.testcases.LoginTest">
        <test-method is-config="true" signature="before()[pri:0, instance:com.qacart.todo.testcases.LoginTest@54dcbb9f]" started-at="2022-07-14T22:06:37 AST" name="before" finished-at="2022-07-14T22:06:40 AST" duration-ms="3558" status="PASS">
          <reporter-output>
          </reporter-output>
        </test-method> <!-- before -->
        <test-method signature="loginWithEmailAndPassword()[pri:0, instance:com.qacart.todo.testcases.LoginTest@54dcbb9f]" started-at="2022-07-14T22:06:40 AST" name="loginWithEmailAndPassword" description="Test Login method" finished-at="2022-07-14T22:06:43 AST" duration-ms="2053" status="PASS">
          <reporter-output>
          </reporter-output>
        </test-method> <!-- loginWithEmailAndPassword -->
        <test-method is-config="true" signature="after(org.testng.ITestResult)[pri:0, instance:com.qacart.todo.testcases.LoginTest@54dcbb9f]" started-at="2022-07-14T22:06:43 AST" name="after" finished-at="2022-07-14T22:06:43 AST" duration-ms="235" status="PASS">
          <params>
            <param index="0">
              <value>
                <![CDATA[[TestResult name=loginWithEmailAndPassword status=SUCCESS method=LoginTest.loginWithEmailAndPassword()[pri:0, instance:com.qacart.todo.testcases.LoginTest@54dcbb9f] output={null}]]]>
              </value>
            </param>
          </params>
          <reporter-output>
          </reporter-output>
        </test-method> <!-- after -->
      </class> <!-- com.qacart.todo.testcases.LoginTest -->
      <class name="com.qacart.todo.testcases.ToDoTest">
        <test-method is-config="true" signature="before()[pri:0, instance:com.qacart.todo.testcases.ToDoTest@74fef3f7]" started-at="2022-07-14T22:06:37 AST" name="before" finished-at="2022-07-14T22:06:40 AST" duration-ms="3558" status="PASS">
          <reporter-output>
          </reporter-output>
        </test-method> <!-- before -->
        <test-method is-config="true" signature="before()[pri:0, instance:com.qacart.todo.testcases.ToDoTest@74fef3f7]" started-at="2022-07-14T22:06:37 AST" name="before" finished-at="2022-07-14T22:06:40 AST" duration-ms="3555" status="PASS">
          <reporter-output>
          </reporter-output>
        </test-method> <!-- before -->
        <test-method signature="AddToDoTest()[pri:0, instance:com.qacart.todo.testcases.ToDoTest@74fef3f7]" started-at="2022-07-14T22:06:40 AST" name="AddToDoTest" description="Add todo method" finished-at="2022-07-14T22:06:46 AST" duration-ms="5817" status="PASS">
          <reporter-output>
          </reporter-output>
        </test-method> <!-- AddToDoTest -->
        <test-method signature="deleteToDo()[pri:0, instance:com.qacart.todo.testcases.ToDoTest@74fef3f7]" started-at="2022-07-14T22:06:40 AST" name="deleteToDo" description="delete todo method" finished-at="2022-07-14T22:06:47 AST" duration-ms="6403" status="PASS">
          <reporter-output>
          </reporter-output>
        </test-method> <!-- deleteToDo -->
        <test-method is-config="true" signature="after(org.testng.ITestResult)[pri:0, instance:com.qacart.todo.testcases.ToDoTest@74fef3f7]" started-at="2022-07-14T22:06:46 AST" name="after" finished-at="2022-07-14T22:06:47 AST" duration-ms="211" status="PASS">
          <params>
            <param index="0">
              <value>
                <![CDATA[[TestResult name=AddToDoTest status=SUCCESS method=ToDoTest.AddToDoTest()[pri:0, instance:com.qacart.todo.testcases.ToDoTest@74fef3f7] output={null}]]]>
              </value>
            </param>
          </params>
          <reporter-output>
          </reporter-output>
        </test-method> <!-- after -->
        <test-method is-config="true" signature="after(org.testng.ITestResult)[pri:0, instance:com.qacart.todo.testcases.ToDoTest@74fef3f7]" started-at="2022-07-14T22:06:47 AST" name="after" finished-at="2022-07-14T22:06:47 AST" duration-ms="207" status="PASS">
          <params>
            <param index="0">
              <value>
                <![CDATA[[TestResult name=deleteToDo status=SUCCESS method=ToDoTest.deleteToDo()[pri:0, instance:com.qacart.todo.testcases.ToDoTest@74fef3f7] output={null}]]]>
              </value>
            </param>
          </params>
          <reporter-output>
          </reporter-output>
        </test-method> <!-- after -->
      </class> <!-- com.qacart.todo.testcases.ToDoTest -->
    </test> <!-- Surefire test -->
  </suite> <!-- Surefire suite -->
</testng-results>
